versions pytest-8.3.4, python-3.9.12.final.0
invocation_dir=C:\Users\282384\OneDrive - Resideo\Documents\dhaksh\Indee Project
cwd=C:\Users\282384\OneDrive - Resideo\Documents\dhaksh\Indee Project
args=('.\\test_indee.py', '--debug')

  pytest_cmdline_main [hook]
      config: <_pytest.config.Config object at 0x000001DEB143B9A0>
    pytest_plugin_registered [hook]
        plugin: <Session  exitstatus='<UNSET>' testsfailed=0 testscollected=0>
        plugin_name: session
        manager: <_pytest.config.PytestPluginManager object at 0x000001DEB1C94E50>
    finish pytest_plugin_registered --> [] [hook]
    pytest_configure [hook]
        config: <_pytest.config.Config object at 0x000001DEB143B9A0>
      pytest_plugin_registered [hook]
          plugin: <_pytest.cacheprovider.LFPlugin object at 0x000001DEB39F4940>
          plugin_name: lfplugin
          manager: <_pytest.config.PytestPluginManager object at 0x000001DEB1C94E50>
      finish pytest_plugin_registered --> [] [hook]
      pytest_plugin_registered [hook]
          plugin: <_pytest.cacheprovider.NFPlugin object at 0x000001DEB39F4A30>
          plugin_name: nfplugin
          manager: <_pytest.config.PytestPluginManager object at 0x000001DEB1C94E50>
      finish pytest_plugin_registered --> [] [hook]
    early skip of rewriting module: faulthandler [assertion]
      pytest_plugin_registered [hook]
          plugin: <class '_pytest.legacypath.LegacyTmpdirPlugin'>
          plugin_name: legacypath-tmpdir
          manager: <_pytest.config.PytestPluginManager object at 0x000001DEB1C94E50>
      finish pytest_plugin_registered --> [] [hook]
    early skip of rewriting module: pdb [assertion]
    early skip of rewriting module: cmd [assertion]
    early skip of rewriting module: code [assertion]
    early skip of rewriting module: codeop [assertion]
      pytest_plugin_registered [hook]
          plugin: <_pytest.config.PytestPluginManager object at 0x000001DEB1C94E50>
          plugin_name: 2055977127504
          manager: <_pytest.config.PytestPluginManager object at 0x000001DEB1C94E50>
      finish pytest_plugin_registered --> [] [hook]
      pytest_plugin_registered [hook]
          plugin: <_pytest.config.Config object at 0x000001DEB143B9A0>
          plugin_name: pytestconfig
          manager: <_pytest.config.PytestPluginManager object at 0x000001DEB1C94E50>
      finish pytest_plugin_registered --> [] [hook]
      pytest_plugin_registered [hook]
          plugin: <module '_pytest.mark' from 'C:\\Users\\282384\\OneDrive - Resideo\\Documents\\dhaksh\\Indee Project\\venv\\lib\\site-packages\\_pytest\\mark\\__init__.py'>
          plugin_name: mark
          manager: <_pytest.config.PytestPluginManager object at 0x000001DEB1C94E50>
      finish pytest_plugin_registered --> [] [hook]
      pytest_plugin_registered [hook]
          plugin: <module '_pytest.main' from 'C:\\Users\\282384\\OneDrive - Resideo\\Documents\\dhaksh\\Indee Project\\venv\\lib\\site-packages\\_pytest\\main.py'>
          plugin_name: main
          manager: <_pytest.config.PytestPluginManager object at 0x000001DEB1C94E50>
      finish pytest_plugin_registered --> [] [hook]
      pytest_plugin_registered [hook]
          plugin: <module '_pytest.runner' from 'C:\\Users\\282384\\OneDrive - Resideo\\Documents\\dhaksh\\Indee Project\\venv\\lib\\site-packages\\_pytest\\runner.py'>
          plugin_name: runner
          manager: <_pytest.config.PytestPluginManager object at 0x000001DEB1C94E50>
      finish pytest_plugin_registered --> [] [hook]
      pytest_plugin_registered [hook]
          plugin: <module '_pytest.fixtures' from 'C:\\Users\\282384\\OneDrive - Resideo\\Documents\\dhaksh\\Indee Project\\venv\\lib\\site-packages\\_pytest\\fixtures.py'>
          plugin_name: fixtures
          manager: <_pytest.config.PytestPluginManager object at 0x000001DEB1C94E50>
      finish pytest_plugin_registered --> [] [hook]
      pytest_plugin_registered [hook]
          plugin: <module '_pytest.helpconfig' from 'C:\\Users\\282384\\OneDrive - Resideo\\Documents\\dhaksh\\Indee Project\\venv\\lib\\site-packages\\_pytest\\helpconfig.py'>
          plugin_name: helpconfig
          manager: <_pytest.config.PytestPluginManager object at 0x000001DEB1C94E50>
      finish pytest_plugin_registered --> [] [hook]
      pytest_plugin_registered [hook]
          plugin: <module '_pytest.python' from 'C:\\Users\\282384\\OneDrive - Resideo\\Documents\\dhaksh\\Indee Project\\venv\\lib\\site-packages\\_pytest\\python.py'>
          plugin_name: python
          manager: <_pytest.config.PytestPluginManager object at 0x000001DEB1C94E50>
      finish pytest_plugin_registered --> [] [hook]
      pytest_plugin_registered [hook]
          plugin: <module '_pytest.terminal' from 'C:\\Users\\282384\\OneDrive - Resideo\\Documents\\dhaksh\\Indee Project\\venv\\lib\\site-packages\\_pytest\\terminal.py'>
          plugin_name: terminal
          manager: <_pytest.config.PytestPluginManager object at 0x000001DEB1C94E50>
      finish pytest_plugin_registered --> [] [hook]
      pytest_plugin_registered [hook]
          plugin: <module '_pytest.debugging' from 'C:\\Users\\282384\\OneDrive - Resideo\\Documents\\dhaksh\\Indee Project\\venv\\lib\\site-packages\\_pytest\\debugging.py'>
          plugin_name: debugging
          manager: <_pytest.config.PytestPluginManager object at 0x000001DEB1C94E50>
      finish pytest_plugin_registered --> [] [hook]
      pytest_plugin_registered [hook]
          plugin: <module '_pytest.unittest' from 'C:\\Users\\282384\\OneDrive - Resideo\\Documents\\dhaksh\\Indee Project\\venv\\lib\\site-packages\\_pytest\\unittest.py'>
          plugin_name: unittest
          manager: <_pytest.config.PytestPluginManager object at 0x000001DEB1C94E50>
      finish pytest_plugin_registered --> [] [hook]
      pytest_plugin_registered [hook]
          plugin: <module '_pytest.capture' from 'C:\\Users\\282384\\OneDrive - Resideo\\Documents\\dhaksh\\Indee Project\\venv\\lib\\site-packages\\_pytest\\capture.py'>
          plugin_name: capture
          manager: <_pytest.config.PytestPluginManager object at 0x000001DEB1C94E50>
      finish pytest_plugin_registered --> [] [hook]
      pytest_plugin_registered [hook]
          plugin: <module '_pytest.skipping' from 'C:\\Users\\282384\\OneDrive - Resideo\\Documents\\dhaksh\\Indee Project\\venv\\lib\\site-packages\\_pytest\\skipping.py'>
          plugin_name: skipping
          manager: <_pytest.config.PytestPluginManager object at 0x000001DEB1C94E50>
      finish pytest_plugin_registered --> [] [hook]
      pytest_plugin_registered [hook]
          plugin: <module '_pytest.legacypath' from 'C:\\Users\\282384\\OneDrive - Resideo\\Documents\\dhaksh\\Indee Project\\venv\\lib\\site-packages\\_pytest\\legacypath.py'>
          plugin_name: legacypath
          manager: <_pytest.config.PytestPluginManager object at 0x000001DEB1C94E50>
      finish pytest_plugin_registered --> [] [hook]
      pytest_plugin_registered [hook]
          plugin: <module '_pytest.tmpdir' from 'C:\\Users\\282384\\OneDrive - Resideo\\Documents\\dhaksh\\Indee Project\\venv\\lib\\site-packages\\_pytest\\tmpdir.py'>
          plugin_name: tmpdir
          manager: <_pytest.config.PytestPluginManager object at 0x000001DEB1C94E50>
      finish pytest_plugin_registered --> [] [hook]
      pytest_plugin_registered [hook]
          plugin: <module '_pytest.monkeypatch' from 'C:\\Users\\282384\\OneDrive - Resideo\\Documents\\dhaksh\\Indee Project\\venv\\lib\\site-packages\\_pytest\\monkeypatch.py'>
          plugin_name: monkeypatch
          manager: <_pytest.config.PytestPluginManager object at 0x000001DEB1C94E50>
      finish pytest_plugin_registered --> [] [hook]
      pytest_plugin_registered [hook]
          plugin: <module '_pytest.recwarn' from 'C:\\Users\\282384\\OneDrive - Resideo\\Documents\\dhaksh\\Indee Project\\venv\\lib\\site-packages\\_pytest\\recwarn.py'>
          plugin_name: recwarn
          manager: <_pytest.config.PytestPluginManager object at 0x000001DEB1C94E50>
      finish pytest_plugin_registered --> [] [hook]
      pytest_plugin_registered [hook]
          plugin: <module '_pytest.pastebin' from 'C:\\Users\\282384\\OneDrive - Resideo\\Documents\\dhaksh\\Indee Project\\venv\\lib\\site-packages\\_pytest\\pastebin.py'>
          plugin_name: pastebin
          manager: <_pytest.config.PytestPluginManager object at 0x000001DEB1C94E50>
      finish pytest_plugin_registered --> [] [hook]
      pytest_plugin_registered [hook]
          plugin: <module '_pytest.assertion' from 'C:\\Users\\282384\\OneDrive - Resideo\\Documents\\dhaksh\\Indee Project\\venv\\lib\\site-packages\\_pytest\\assertion\\__init__.py'>
          plugin_name: assertion
          manager: <_pytest.config.PytestPluginManager object at 0x000001DEB1C94E50>
      finish pytest_plugin_registered --> [] [hook]
      pytest_plugin_registered [hook]
          plugin: <module '_pytest.junitxml' from 'C:\\Users\\282384\\OneDrive - Resideo\\Documents\\dhaksh\\Indee Project\\venv\\lib\\site-packages\\_pytest\\junitxml.py'>
          plugin_name: junitxml
          manager: <_pytest.config.PytestPluginManager object at 0x000001DEB1C94E50>
      finish pytest_plugin_registered --> [] [hook]
      pytest_plugin_registered [hook]
          plugin: <module '_pytest.doctest' from 'C:\\Users\\282384\\OneDrive - Resideo\\Documents\\dhaksh\\Indee Project\\venv\\lib\\site-packages\\_pytest\\doctest.py'>
          plugin_name: doctest
          manager: <_pytest.config.PytestPluginManager object at 0x000001DEB1C94E50>
      finish pytest_plugin_registered --> [] [hook]
      pytest_plugin_registered [hook]
          plugin: <module '_pytest.cacheprovider' from 'C:\\Users\\282384\\OneDrive - Resideo\\Documents\\dhaksh\\Indee Project\\venv\\lib\\site-packages\\_pytest\\cacheprovider.py'>
          plugin_name: cacheprovider
          manager: <_pytest.config.PytestPluginManager object at 0x000001DEB1C94E50>
      finish pytest_plugin_registered --> [] [hook]
      pytest_plugin_registered [hook]
          plugin: <module '_pytest.freeze_support' from 'C:\\Users\\282384\\OneDrive - Resideo\\Documents\\dhaksh\\Indee Project\\venv\\lib\\site-packages\\_pytest\\freeze_support.py'>
          plugin_name: freeze_support
          manager: <_pytest.config.PytestPluginManager object at 0x000001DEB1C94E50>
      finish pytest_plugin_registered --> [] [hook]
      pytest_plugin_registered [hook]
          plugin: <module '_pytest.setuponly' from 'C:\\Users\\282384\\OneDrive - Resideo\\Documents\\dhaksh\\Indee Project\\venv\\lib\\site-packages\\_pytest\\setuponly.py'>
          plugin_name: setuponly
          manager: <_pytest.config.PytestPluginManager object at 0x000001DEB1C94E50>
      finish pytest_plugin_registered --> [] [hook]
      pytest_plugin_registered [hook]
          plugin: <module '_pytest.setupplan' from 'C:\\Users\\282384\\OneDrive - Resideo\\Documents\\dhaksh\\Indee Project\\venv\\lib\\site-packages\\_pytest\\setupplan.py'>
          plugin_name: setupplan
          manager: <_pytest.config.PytestPluginManager object at 0x000001DEB1C94E50>
      finish pytest_plugin_registered --> [] [hook]
      pytest_plugin_registered [hook]
          plugin: <module '_pytest.stepwise' from 'C:\\Users\\282384\\OneDrive - Resideo\\Documents\\dhaksh\\Indee Project\\venv\\lib\\site-packages\\_pytest\\stepwise.py'>
          plugin_name: stepwise
          manager: <_pytest.config.PytestPluginManager object at 0x000001DEB1C94E50>
      finish pytest_plugin_registered --> [] [hook]
      pytest_plugin_registered [hook]
          plugin: <module '_pytest.warnings' from 'C:\\Users\\282384\\OneDrive - Resideo\\Documents\\dhaksh\\Indee Project\\venv\\lib\\site-packages\\_pytest\\warnings.py'>
          plugin_name: warnings
          manager: <_pytest.config.PytestPluginManager object at 0x000001DEB1C94E50>
      finish pytest_plugin_registered --> [] [hook]
      pytest_plugin_registered [hook]
          plugin: <module '_pytest.logging' from 'C:\\Users\\282384\\OneDrive - Resideo\\Documents\\dhaksh\\Indee Project\\venv\\lib\\site-packages\\_pytest\\logging.py'>
          plugin_name: logging
          manager: <_pytest.config.PytestPluginManager object at 0x000001DEB1C94E50>
      finish pytest_plugin_registered --> [] [hook]
      pytest_plugin_registered [hook]
          plugin: <module '_pytest.reports' from 'C:\\Users\\282384\\OneDrive - Resideo\\Documents\\dhaksh\\Indee Project\\venv\\lib\\site-packages\\_pytest\\reports.py'>
          plugin_name: reports
          manager: <_pytest.config.PytestPluginManager object at 0x000001DEB1C94E50>
      finish pytest_plugin_registered --> [] [hook]
      pytest_plugin_registered [hook]
          plugin: <module '_pytest.python_path' from 'C:\\Users\\282384\\OneDrive - Resideo\\Documents\\dhaksh\\Indee Project\\venv\\lib\\site-packages\\_pytest\\python_path.py'>
          plugin_name: python_path
          manager: <_pytest.config.PytestPluginManager object at 0x000001DEB1C94E50>
      finish pytest_plugin_registered --> [] [hook]
      pytest_plugin_registered [hook]
          plugin: <module '_pytest.unraisableexception' from 'C:\\Users\\282384\\OneDrive - Resideo\\Documents\\dhaksh\\Indee Project\\venv\\lib\\site-packages\\_pytest\\unraisableexception.py'>
          plugin_name: unraisableexception
          manager: <_pytest.config.PytestPluginManager object at 0x000001DEB1C94E50>
      finish pytest_plugin_registered --> [] [hook]
      pytest_plugin_registered [hook]
          plugin: <module '_pytest.threadexception' from 'C:\\Users\\282384\\OneDrive - Resideo\\Documents\\dhaksh\\Indee Project\\venv\\lib\\site-packages\\_pytest\\threadexception.py'>
          plugin_name: threadexception
          manager: <_pytest.config.PytestPluginManager object at 0x000001DEB1C94E50>
      finish pytest_plugin_registered --> [] [hook]
      pytest_plugin_registered [hook]
          plugin: <module '_pytest.faulthandler' from 'C:\\Users\\282384\\OneDrive - Resideo\\Documents\\dhaksh\\Indee Project\\venv\\lib\\site-packages\\_pytest\\faulthandler.py'>
          plugin_name: faulthandler
          manager: <_pytest.config.PytestPluginManager object at 0x000001DEB1C94E50>
      finish pytest_plugin_registered --> [] [hook]
      pytest_plugin_registered [hook]
          plugin: <CaptureManager _method='fd' _global_capturing=<MultiCapture out=<FDCapture 1 oldfd=8 _state='suspended' tmpfile=<_io.TextIOWrapper name='<tempfile._TemporaryFileWrapper object at 0x000001DEB21D62B0>' mode='r+' encoding='utf-8'>> err=<FDCapture 2 oldfd=10 _state='suspended' tmpfile=<_io.TextIOWrapper name='<tempfile._TemporaryFileWrapper object at 0x000001DEB39D0C10>' mode='r+' encoding='utf-8'>> in_=<FDCapture 0 oldfd=6 _state='started' tmpfile=<_io.TextIOWrapper name='nul' mode='r' encoding='utf-8'>> _state='suspended' _in_suspended=False> _capture_fixture=None>
          plugin_name: capturemanager
          manager: <_pytest.config.PytestPluginManager object at 0x000001DEB1C94E50>
      finish pytest_plugin_registered --> [] [hook]
      pytest_plugin_registered [hook]
          plugin: <Session  exitstatus=<ExitCode.OK: 0> testsfailed=0 testscollected=0>
          plugin_name: session
          manager: <_pytest.config.PytestPluginManager object at 0x000001DEB1C94E50>
      finish pytest_plugin_registered --> [] [hook]
      pytest_plugin_registered [hook]
          plugin: <_pytest.cacheprovider.LFPlugin object at 0x000001DEB39F4940>
          plugin_name: lfplugin
          manager: <_pytest.config.PytestPluginManager object at 0x000001DEB1C94E50>
      finish pytest_plugin_registered --> [] [hook]
      pytest_plugin_registered [hook]
          plugin: <_pytest.cacheprovider.NFPlugin object at 0x000001DEB39F4A30>
          plugin_name: nfplugin
          manager: <_pytest.config.PytestPluginManager object at 0x000001DEB1C94E50>
      finish pytest_plugin_registered --> [] [hook]
      pytest_plugin_registered [hook]
          plugin: <class '_pytest.legacypath.LegacyTmpdirPlugin'>
          plugin_name: legacypath-tmpdir
          manager: <_pytest.config.PytestPluginManager object at 0x000001DEB1C94E50>
      finish pytest_plugin_registered --> [] [hook]
      pytest_plugin_registered [hook]
          plugin: <_pytest.terminal.TerminalReporter object at 0x000001DEB39F4D30>
          plugin_name: terminalreporter
          manager: <_pytest.config.PytestPluginManager object at 0x000001DEB1C94E50>
      finish pytest_plugin_registered --> [] [hook]
      pytest_plugin_registered [hook]
          plugin: <_pytest.logging.LoggingPlugin object at 0x000001DEB21B23D0>
          plugin_name: logging-plugin
          manager: <_pytest.config.PytestPluginManager object at 0x000001DEB1C94E50>
      finish pytest_plugin_registered --> [] [hook]
    finish pytest_configure --> [] [hook]
    pytest_sessionstart [hook]
        session: <Session  exitstatus=<ExitCode.OK: 0> testsfailed=0 testscollected=0>
      pytest_plugin_registered [hook]
          plugin: <_pytest.config.PytestPluginManager object at 0x000001DEB1C94E50>
          plugin_name: 2055977127504
          manager: <_pytest.config.PytestPluginManager object at 0x000001DEB1C94E50>
      finish pytest_plugin_registered --> [] [hook]
      pytest_plugin_registered [hook]
          plugin: <_pytest.config.Config object at 0x000001DEB143B9A0>
          plugin_name: pytestconfig
          manager: <_pytest.config.PytestPluginManager object at 0x000001DEB1C94E50>
      finish pytest_plugin_registered --> [] [hook]
      pytest_plugin_registered [hook]
          plugin: <module '_pytest.mark' from 'C:\\Users\\282384\\OneDrive - Resideo\\Documents\\dhaksh\\Indee Project\\venv\\lib\\site-packages\\_pytest\\mark\\__init__.py'>
          plugin_name: mark
          manager: <_pytest.config.PytestPluginManager object at 0x000001DEB1C94E50>
      finish pytest_plugin_registered --> [] [hook]
      pytest_plugin_registered [hook]
          plugin: <module '_pytest.main' from 'C:\\Users\\282384\\OneDrive - Resideo\\Documents\\dhaksh\\Indee Project\\venv\\lib\\site-packages\\_pytest\\main.py'>
          plugin_name: main
          manager: <_pytest.config.PytestPluginManager object at 0x000001DEB1C94E50>
      finish pytest_plugin_registered --> [] [hook]
      pytest_plugin_registered [hook]
          plugin: <module '_pytest.runner' from 'C:\\Users\\282384\\OneDrive - Resideo\\Documents\\dhaksh\\Indee Project\\venv\\lib\\site-packages\\_pytest\\runner.py'>
          plugin_name: runner
          manager: <_pytest.config.PytestPluginManager object at 0x000001DEB1C94E50>
      finish pytest_plugin_registered --> [] [hook]
      pytest_plugin_registered [hook]
          plugin: <module '_pytest.fixtures' from 'C:\\Users\\282384\\OneDrive - Resideo\\Documents\\dhaksh\\Indee Project\\venv\\lib\\site-packages\\_pytest\\fixtures.py'>
          plugin_name: fixtures
          manager: <_pytest.config.PytestPluginManager object at 0x000001DEB1C94E50>
      finish pytest_plugin_registered --> [] [hook]
      pytest_plugin_registered [hook]
          plugin: <module '_pytest.helpconfig' from 'C:\\Users\\282384\\OneDrive - Resideo\\Documents\\dhaksh\\Indee Project\\venv\\lib\\site-packages\\_pytest\\helpconfig.py'>
          plugin_name: helpconfig
          manager: <_pytest.config.PytestPluginManager object at 0x000001DEB1C94E50>
      finish pytest_plugin_registered --> [] [hook]
      pytest_plugin_registered [hook]
          plugin: <module '_pytest.python' from 'C:\\Users\\282384\\OneDrive - Resideo\\Documents\\dhaksh\\Indee Project\\venv\\lib\\site-packages\\_pytest\\python.py'>
          plugin_name: python
          manager: <_pytest.config.PytestPluginManager object at 0x000001DEB1C94E50>
      finish pytest_plugin_registered --> [] [hook]
      pytest_plugin_registered [hook]
          plugin: <module '_pytest.terminal' from 'C:\\Users\\282384\\OneDrive - Resideo\\Documents\\dhaksh\\Indee Project\\venv\\lib\\site-packages\\_pytest\\terminal.py'>
          plugin_name: terminal
          manager: <_pytest.config.PytestPluginManager object at 0x000001DEB1C94E50>
      finish pytest_plugin_registered --> [] [hook]
      pytest_plugin_registered [hook]
          plugin: <module '_pytest.debugging' from 'C:\\Users\\282384\\OneDrive - Resideo\\Documents\\dhaksh\\Indee Project\\venv\\lib\\site-packages\\_pytest\\debugging.py'>
          plugin_name: debugging
          manager: <_pytest.config.PytestPluginManager object at 0x000001DEB1C94E50>
      finish pytest_plugin_registered --> [] [hook]
      pytest_plugin_registered [hook]
          plugin: <module '_pytest.unittest' from 'C:\\Users\\282384\\OneDrive - Resideo\\Documents\\dhaksh\\Indee Project\\venv\\lib\\site-packages\\_pytest\\unittest.py'>
          plugin_name: unittest
          manager: <_pytest.config.PytestPluginManager object at 0x000001DEB1C94E50>
      finish pytest_plugin_registered --> [] [hook]
      pytest_plugin_registered [hook]
          plugin: <module '_pytest.capture' from 'C:\\Users\\282384\\OneDrive - Resideo\\Documents\\dhaksh\\Indee Project\\venv\\lib\\site-packages\\_pytest\\capture.py'>
          plugin_name: capture
          manager: <_pytest.config.PytestPluginManager object at 0x000001DEB1C94E50>
      finish pytest_plugin_registered --> [] [hook]
      pytest_plugin_registered [hook]
          plugin: <module '_pytest.skipping' from 'C:\\Users\\282384\\OneDrive - Resideo\\Documents\\dhaksh\\Indee Project\\venv\\lib\\site-packages\\_pytest\\skipping.py'>
          plugin_name: skipping
          manager: <_pytest.config.PytestPluginManager object at 0x000001DEB1C94E50>
      finish pytest_plugin_registered --> [] [hook]
      pytest_plugin_registered [hook]
          plugin: <module '_pytest.legacypath' from 'C:\\Users\\282384\\OneDrive - Resideo\\Documents\\dhaksh\\Indee Project\\venv\\lib\\site-packages\\_pytest\\legacypath.py'>
          plugin_name: legacypath
          manager: <_pytest.config.PytestPluginManager object at 0x000001DEB1C94E50>
      finish pytest_plugin_registered --> [] [hook]
      pytest_plugin_registered [hook]
          plugin: <module '_pytest.tmpdir' from 'C:\\Users\\282384\\OneDrive - Resideo\\Documents\\dhaksh\\Indee Project\\venv\\lib\\site-packages\\_pytest\\tmpdir.py'>
          plugin_name: tmpdir
          manager: <_pytest.config.PytestPluginManager object at 0x000001DEB1C94E50>
      finish pytest_plugin_registered --> [] [hook]
      pytest_plugin_registered [hook]
          plugin: <module '_pytest.monkeypatch' from 'C:\\Users\\282384\\OneDrive - Resideo\\Documents\\dhaksh\\Indee Project\\venv\\lib\\site-packages\\_pytest\\monkeypatch.py'>
          plugin_name: monkeypatch
          manager: <_pytest.config.PytestPluginManager object at 0x000001DEB1C94E50>
      finish pytest_plugin_registered --> [] [hook]
      pytest_plugin_registered [hook]
          plugin: <module '_pytest.recwarn' from 'C:\\Users\\282384\\OneDrive - Resideo\\Documents\\dhaksh\\Indee Project\\venv\\lib\\site-packages\\_pytest\\recwarn.py'>
          plugin_name: recwarn
          manager: <_pytest.config.PytestPluginManager object at 0x000001DEB1C94E50>
      finish pytest_plugin_registered --> [] [hook]
      pytest_plugin_registered [hook]
          plugin: <module '_pytest.pastebin' from 'C:\\Users\\282384\\OneDrive - Resideo\\Documents\\dhaksh\\Indee Project\\venv\\lib\\site-packages\\_pytest\\pastebin.py'>
          plugin_name: pastebin
          manager: <_pytest.config.PytestPluginManager object at 0x000001DEB1C94E50>
      finish pytest_plugin_registered --> [] [hook]
      pytest_plugin_registered [hook]
          plugin: <module '_pytest.assertion' from 'C:\\Users\\282384\\OneDrive - Resideo\\Documents\\dhaksh\\Indee Project\\venv\\lib\\site-packages\\_pytest\\assertion\\__init__.py'>
          plugin_name: assertion
          manager: <_pytest.config.PytestPluginManager object at 0x000001DEB1C94E50>
      finish pytest_plugin_registered --> [] [hook]
      pytest_plugin_registered [hook]
          plugin: <module '_pytest.junitxml' from 'C:\\Users\\282384\\OneDrive - Resideo\\Documents\\dhaksh\\Indee Project\\venv\\lib\\site-packages\\_pytest\\junitxml.py'>
          plugin_name: junitxml
          manager: <_pytest.config.PytestPluginManager object at 0x000001DEB1C94E50>
      finish pytest_plugin_registered --> [] [hook]
      pytest_plugin_registered [hook]
          plugin: <module '_pytest.doctest' from 'C:\\Users\\282384\\OneDrive - Resideo\\Documents\\dhaksh\\Indee Project\\venv\\lib\\site-packages\\_pytest\\doctest.py'>
          plugin_name: doctest
          manager: <_pytest.config.PytestPluginManager object at 0x000001DEB1C94E50>
      finish pytest_plugin_registered --> [] [hook]
      pytest_plugin_registered [hook]
          plugin: <module '_pytest.cacheprovider' from 'C:\\Users\\282384\\OneDrive - Resideo\\Documents\\dhaksh\\Indee Project\\venv\\lib\\site-packages\\_pytest\\cacheprovider.py'>
          plugin_name: cacheprovider
          manager: <_pytest.config.PytestPluginManager object at 0x000001DEB1C94E50>
      finish pytest_plugin_registered --> [] [hook]
      pytest_plugin_registered [hook]
          plugin: <module '_pytest.freeze_support' from 'C:\\Users\\282384\\OneDrive - Resideo\\Documents\\dhaksh\\Indee Project\\venv\\lib\\site-packages\\_pytest\\freeze_support.py'>
          plugin_name: freeze_support
          manager: <_pytest.config.PytestPluginManager object at 0x000001DEB1C94E50>
      finish pytest_plugin_registered --> [] [hook]
      pytest_plugin_registered [hook]
          plugin: <module '_pytest.setuponly' from 'C:\\Users\\282384\\OneDrive - Resideo\\Documents\\dhaksh\\Indee Project\\venv\\lib\\site-packages\\_pytest\\setuponly.py'>
          plugin_name: setuponly
          manager: <_pytest.config.PytestPluginManager object at 0x000001DEB1C94E50>
      finish pytest_plugin_registered --> [] [hook]
      pytest_plugin_registered [hook]
          plugin: <module '_pytest.setupplan' from 'C:\\Users\\282384\\OneDrive - Resideo\\Documents\\dhaksh\\Indee Project\\venv\\lib\\site-packages\\_pytest\\setupplan.py'>
          plugin_name: setupplan
          manager: <_pytest.config.PytestPluginManager object at 0x000001DEB1C94E50>
      finish pytest_plugin_registered --> [] [hook]
      pytest_plugin_registered [hook]
          plugin: <module '_pytest.stepwise' from 'C:\\Users\\282384\\OneDrive - Resideo\\Documents\\dhaksh\\Indee Project\\venv\\lib\\site-packages\\_pytest\\stepwise.py'>
          plugin_name: stepwise
          manager: <_pytest.config.PytestPluginManager object at 0x000001DEB1C94E50>
      finish pytest_plugin_registered --> [] [hook]
      pytest_plugin_registered [hook]
          plugin: <module '_pytest.warnings' from 'C:\\Users\\282384\\OneDrive - Resideo\\Documents\\dhaksh\\Indee Project\\venv\\lib\\site-packages\\_pytest\\warnings.py'>
          plugin_name: warnings
          manager: <_pytest.config.PytestPluginManager object at 0x000001DEB1C94E50>
      finish pytest_plugin_registered --> [] [hook]
      pytest_plugin_registered [hook]
          plugin: <module '_pytest.logging' from 'C:\\Users\\282384\\OneDrive - Resideo\\Documents\\dhaksh\\Indee Project\\venv\\lib\\site-packages\\_pytest\\logging.py'>
          plugin_name: logging
          manager: <_pytest.config.PytestPluginManager object at 0x000001DEB1C94E50>
      finish pytest_plugin_registered --> [] [hook]
      pytest_plugin_registered [hook]
          plugin: <module '_pytest.reports' from 'C:\\Users\\282384\\OneDrive - Resideo\\Documents\\dhaksh\\Indee Project\\venv\\lib\\site-packages\\_pytest\\reports.py'>
          plugin_name: reports
          manager: <_pytest.config.PytestPluginManager object at 0x000001DEB1C94E50>
      finish pytest_plugin_registered --> [] [hook]
      pytest_plugin_registered [hook]
          plugin: <module '_pytest.python_path' from 'C:\\Users\\282384\\OneDrive - Resideo\\Documents\\dhaksh\\Indee Project\\venv\\lib\\site-packages\\_pytest\\python_path.py'>
          plugin_name: python_path
          manager: <_pytest.config.PytestPluginManager object at 0x000001DEB1C94E50>
      finish pytest_plugin_registered --> [] [hook]
      pytest_plugin_registered [hook]
          plugin: <module '_pytest.unraisableexception' from 'C:\\Users\\282384\\OneDrive - Resideo\\Documents\\dhaksh\\Indee Project\\venv\\lib\\site-packages\\_pytest\\unraisableexception.py'>
          plugin_name: unraisableexception
          manager: <_pytest.config.PytestPluginManager object at 0x000001DEB1C94E50>
      finish pytest_plugin_registered --> [] [hook]
      pytest_plugin_registered [hook]
          plugin: <module '_pytest.threadexception' from 'C:\\Users\\282384\\OneDrive - Resideo\\Documents\\dhaksh\\Indee Project\\venv\\lib\\site-packages\\_pytest\\threadexception.py'>
          plugin_name: threadexception
          manager: <_pytest.config.PytestPluginManager object at 0x000001DEB1C94E50>
      finish pytest_plugin_registered --> [] [hook]
      pytest_plugin_registered [hook]
          plugin: <module '_pytest.faulthandler' from 'C:\\Users\\282384\\OneDrive - Resideo\\Documents\\dhaksh\\Indee Project\\venv\\lib\\site-packages\\_pytest\\faulthandler.py'>
          plugin_name: faulthandler
          manager: <_pytest.config.PytestPluginManager object at 0x000001DEB1C94E50>
      finish pytest_plugin_registered --> [] [hook]
      pytest_plugin_registered [hook]
          plugin: <CaptureManager _method='fd' _global_capturing=<MultiCapture out=<FDCapture 1 oldfd=8 _state='suspended' tmpfile=<_io.TextIOWrapper name='<tempfile._TemporaryFileWrapper object at 0x000001DEB21D62B0>' mode='r+' encoding='utf-8'>> err=<FDCapture 2 oldfd=10 _state='suspended' tmpfile=<_io.TextIOWrapper name='<tempfile._TemporaryFileWrapper object at 0x000001DEB39D0C10>' mode='r+' encoding='utf-8'>> in_=<FDCapture 0 oldfd=6 _state='started' tmpfile=<_io.TextIOWrapper name='nul' mode='r' encoding='utf-8'>> _state='suspended' _in_suspended=False> _capture_fixture=None>
          plugin_name: capturemanager
          manager: <_pytest.config.PytestPluginManager object at 0x000001DEB1C94E50>
      finish pytest_plugin_registered --> [] [hook]
      pytest_plugin_registered [hook]
          plugin: <Session  exitstatus=<ExitCode.OK: 0> testsfailed=0 testscollected=0>
          plugin_name: session
          manager: <_pytest.config.PytestPluginManager object at 0x000001DEB1C94E50>
      finish pytest_plugin_registered --> [] [hook]
      pytest_plugin_registered [hook]
          plugin: <_pytest.cacheprovider.LFPlugin object at 0x000001DEB39F4940>
          plugin_name: lfplugin
          manager: <_pytest.config.PytestPluginManager object at 0x000001DEB1C94E50>
      finish pytest_plugin_registered --> [] [hook]
      pytest_plugin_registered [hook]
          plugin: <_pytest.cacheprovider.NFPlugin object at 0x000001DEB39F4A30>
          plugin_name: nfplugin
          manager: <_pytest.config.PytestPluginManager object at 0x000001DEB1C94E50>
      finish pytest_plugin_registered --> [] [hook]
      pytest_plugin_registered [hook]
          plugin: <class '_pytest.legacypath.LegacyTmpdirPlugin'>
          plugin_name: legacypath-tmpdir
          manager: <_pytest.config.PytestPluginManager object at 0x000001DEB1C94E50>
      finish pytest_plugin_registered --> [] [hook]
      pytest_plugin_registered [hook]
          plugin: <_pytest.terminal.TerminalReporter object at 0x000001DEB39F4D30>
          plugin_name: terminalreporter
          manager: <_pytest.config.PytestPluginManager object at 0x000001DEB1C94E50>
      finish pytest_plugin_registered --> [] [hook]
      pytest_plugin_registered [hook]
          plugin: <_pytest.logging.LoggingPlugin object at 0x000001DEB21B23D0>
          plugin_name: logging-plugin
          manager: <_pytest.config.PytestPluginManager object at 0x000001DEB1C94E50>
      finish pytest_plugin_registered --> [] [hook]
      pytest_plugin_registered [hook]
          plugin: <_pytest.fixtures.FixtureManager object at 0x000001DEB39F4790>
          plugin_name: funcmanage
          manager: <_pytest.config.PytestPluginManager object at 0x000001DEB1C94E50>
      finish pytest_plugin_registered --> [] [hook]
      pytest_report_header [hook]
          config: <_pytest.config.Config object at 0x000001DEB143B9A0>
          start_path: C:\Users\282384\OneDrive - Resideo\Documents\dhaksh\Indee Project
          startdir: C:\Users\282384\OneDrive - Resideo\Documents\dhaksh\Indee Project
      finish pytest_report_header --> [['rootdir: C:\\Users\\282384\\OneDrive - Resideo\\Documents\\dhaksh\\Indee Project'], ['using: pytest-8.3.4']] [hook]
    finish pytest_sessionstart --> [] [hook]
    pytest_collection [hook]
        session: <Session  exitstatus=<ExitCode.OK: 0> testsfailed=0 testscollected=0>
    perform_collect <Session  exitstatus=<ExitCode.OK: 0> testsfailed=0 testscollected=0> ['.\\test_indee.py'] [collection]
        pytest_collectstart [hook]
            collector: <Session  exitstatus=<ExitCode.OK: 0> testsfailed=0 testscollected=0>
        finish pytest_collectstart --> [] [hook]
        pytest_make_collect_report [hook]
            collector: <Session  exitstatus=<ExitCode.OK: 0> testsfailed=0 testscollected=0>
        processing argument CollectionArgument(path=WindowsPath('C:/Users/282384/OneDrive - Resideo/Documents/dhaksh/Indee Project/test_indee.py'), parts=[], module_name=None) [collection]
            pytest_collect_directory [hook]
                path: C:\Users\282384\OneDrive - Resideo\Documents\dhaksh\Indee Project
                parent: <Session  exitstatus=<ExitCode.OK: 0> testsfailed=0 testscollected=0>
            finish pytest_collect_directory --> <Dir Indee Project> [hook]
            pytest_collectstart [hook]
                collector: <Dir Indee Project>
            finish pytest_collectstart --> [] [hook]
            pytest_make_collect_report [hook]
                collector: <Dir Indee Project>
              pytest_ignore_collect [hook]
                  config: <_pytest.config.Config object at 0x000001DEB143B9A0>
                  collection_path: C:\Users\282384\OneDrive - Resideo\Documents\dhaksh\Indee Project\.pytest_cache
                  path: C:\Users\282384\OneDrive - Resideo\Documents\dhaksh\Indee Project\.pytest_cache
              finish pytest_ignore_collect --> True [hook]
              pytest_ignore_collect [hook]
                  config: <_pytest.config.Config object at 0x000001DEB143B9A0>
                  collection_path: C:\Users\282384\OneDrive - Resideo\Documents\dhaksh\Indee Project\WebUtility.py
                  path: C:\Users\282384\OneDrive - Resideo\Documents\dhaksh\Indee Project\WebUtility.py
              finish pytest_ignore_collect --> None [hook]
              pytest_collect_file [hook]
                  parent: <Dir Indee Project>
                  file_path: C:\Users\282384\OneDrive - Resideo\Documents\dhaksh\Indee Project\WebUtility.py
                  path: C:\Users\282384\OneDrive - Resideo\Documents\dhaksh\Indee Project\WebUtility.py
              finish pytest_collect_file --> [] [hook]
              pytest_ignore_collect [hook]
                  config: <_pytest.config.Config object at 0x000001DEB143B9A0>
                  collection_path: C:\Users\282384\OneDrive - Resideo\Documents\dhaksh\Indee Project\__pycache__
                  path: C:\Users\282384\OneDrive - Resideo\Documents\dhaksh\Indee Project\__pycache__
              finish pytest_ignore_collect --> True [hook]
              pytest_ignore_collect [hook]
                  config: <_pytest.config.Config object at 0x000001DEB143B9A0>
                  collection_path: C:\Users\282384\OneDrive - Resideo\Documents\dhaksh\Indee Project\pages
                  path: C:\Users\282384\OneDrive - Resideo\Documents\dhaksh\Indee Project\pages
              finish pytest_ignore_collect --> None [hook]
              pytest_collect_directory [hook]
                  path: C:\Users\282384\OneDrive - Resideo\Documents\dhaksh\Indee Project\pages
                  parent: <Dir Indee Project>
              finish pytest_collect_directory --> <Dir pages> [hook]
              pytest_ignore_collect [hook]
                  config: <_pytest.config.Config object at 0x000001DEB143B9A0>
                  collection_path: C:\Users\282384\OneDrive - Resideo\Documents\dhaksh\Indee Project\pytestdebug.log
                  path: C:\Users\282384\OneDrive - Resideo\Documents\dhaksh\Indee Project\pytestdebug.log
              finish pytest_ignore_collect --> None [hook]
              pytest_collect_file [hook]
                  parent: <Dir Indee Project>
                  file_path: C:\Users\282384\OneDrive - Resideo\Documents\dhaksh\Indee Project\pytestdebug.log
                  path: C:\Users\282384\OneDrive - Resideo\Documents\dhaksh\Indee Project\pytestdebug.log
              finish pytest_collect_file --> [] [hook]
              pytest_collect_file [hook]
                  parent: <Dir Indee Project>
                  file_path: C:\Users\282384\OneDrive - Resideo\Documents\dhaksh\Indee Project\test_indee.py
                  path: C:\Users\282384\OneDrive - Resideo\Documents\dhaksh\Indee Project\test_indee.py
                pytest_pycollect_makemodule [hook]
                    parent: <Dir Indee Project>
                    module_path: C:\Users\282384\OneDrive - Resideo\Documents\dhaksh\Indee Project\test_indee.py
                    path: C:\Users\282384\OneDrive - Resideo\Documents\dhaksh\Indee Project\test_indee.py
                finish pytest_pycollect_makemodule --> <Module test_indee.py> [hook]
              finish pytest_collect_file --> [<Module test_indee.py>] [hook]
              pytest_ignore_collect [hook]
                  config: <_pytest.config.Config object at 0x000001DEB143B9A0>
                  collection_path: C:\Users\282384\OneDrive - Resideo\Documents\dhaksh\Indee Project\venv
                  path: C:\Users\282384\OneDrive - Resideo\Documents\dhaksh\Indee Project\venv
              finish pytest_ignore_collect --> True [hook]
            finish pytest_make_collect_report --> <CollectReport '.' lenresult=2 outcome='passed'> [hook]
        finish pytest_make_collect_report --> <CollectReport '' lenresult=1 outcome='passed'> [hook]
        pytest_collectreport [hook]
            report: <CollectReport '' lenresult=1 outcome='passed'>
        finish pytest_collectreport --> [] [hook]
    genitems <Module test_indee.py> [collection]
      pytest_collectstart [hook]
          collector: <Module test_indee.py>
      finish pytest_collectstart --> [] [hook]
      pytest_make_collect_report [hook]
          collector: <Module test_indee.py>
      find_module called for: test_indee [assertion]
      matched test file (was specified on cmdline): 'C:\\Users\\282384\\OneDrive - Resideo\\Documents\\dhaksh\\Indee Project\\test_indee.py' [assertion]
      found cached rewritten pyc for C:\Users\282384\OneDrive - Resideo\Documents\dhaksh\Indee Project\test_indee.py [assertion]
      early skip of rewriting module: selenium [assertion]
      early skip of rewriting module: selenium.webdriver [assertion]
      early skip of rewriting module: selenium.webdriver.chrome [assertion]
      early skip of rewriting module: selenium.webdriver.chrome.options [assertion]
      early skip of rewriting module: selenium.webdriver.chromium [assertion]
      early skip of rewriting module: selenium.webdriver.chromium.options [assertion]
      early skip of rewriting module: base64 [assertion]
      early skip of rewriting module: selenium.webdriver.common [assertion]
      early skip of rewriting module: selenium.webdriver.common.desired_capabilities [assertion]
      early skip of rewriting module: selenium.webdriver.common.options [assertion]
      early skip of rewriting module: selenium.common [assertion]
      early skip of rewriting module: selenium.common.exceptions [assertion]
      early skip of rewriting module: selenium.webdriver.common.proxy [assertion]
      early skip of rewriting module: selenium.webdriver.chrome.service [assertion]
      early skip of rewriting module: selenium.types [assertion]
      early skip of rewriting module: selenium.webdriver.chromium.service [assertion]
      early skip of rewriting module: selenium.webdriver.common.service [assertion]
      early skip of rewriting module: urllib.request [assertion]
      early skip of rewriting module: hashlib [assertion]
      early skip of rewriting module: _hashlib [assertion]
      early skip of rewriting module: _blake2 [assertion]
      early skip of rewriting module: http [assertion]
      early skip of rewriting module: http.client [assertion]
      early skip of rewriting module: email.parser [assertion]
      early skip of rewriting module: email.feedparser [assertion]
      early skip of rewriting module: email.errors [assertion]
      early skip of rewriting module: email._policybase [assertion]
      early skip of rewriting module: email.header [assertion]
      early skip of rewriting module: email.quoprimime [assertion]
      early skip of rewriting module: email.base64mime [assertion]
      early skip of rewriting module: email.charset [assertion]
      early skip of rewriting module: email.encoders [assertion]
      early skip of rewriting module: quopri [assertion]
      early skip of rewriting module: email.utils [assertion]
      early skip of rewriting module: socket [assertion]
      early skip of rewriting module: _socket [assertion]
      early skip of rewriting module: selectors [assertion]
      early skip of rewriting module: select [assertion]
      early skip of rewriting module: email._parseaddr [assertion]
      early skip of rewriting module: calendar [assertion]
      early skip of rewriting module: email.message [assertion]
      early skip of rewriting module: uu [assertion]
      early skip of rewriting module: email._encoded_words [assertion]
      early skip of rewriting module: email.iterators [assertion]
      early skip of rewriting module: ssl [assertion]
      early skip of rewriting module: _ssl [assertion]
      early skip of rewriting module: urllib.error [assertion]
      early skip of rewriting module: urllib.response [assertion]
      early skip of rewriting module: nturl2path [assertion]
      early skip of rewriting module: selenium.webdriver.common.utils [assertion]
      early skip of rewriting module: selenium.webdriver.common.keys [assertion]
      early skip of rewriting module: selenium.webdriver.chrome.webdriver [assertion]
      early skip of rewriting module: selenium.webdriver.chromium.webdriver [assertion]
      early skip of rewriting module: selenium.webdriver.chromium.remote_connection [assertion]
      early skip of rewriting module: selenium.webdriver.remote [assertion]
      early skip of rewriting module: selenium.webdriver.remote.client_config [assertion]
      early skip of rewriting module: certifi [assertion]
      early skip of rewriting module: certifi.core [assertion]
      early skip of rewriting module: importlib.resources [assertion]
      early skip of rewriting module: importlib._common [assertion]
      early skip of rewriting module: selenium.webdriver.remote.remote_connection [assertion]
      early skip of rewriting module: urllib3 [assertion]
      early skip of rewriting module: urllib3.exceptions [assertion]
      early skip of rewriting module: urllib3._base_connection [assertion]
      early skip of rewriting module: urllib3.util [assertion]
      early skip of rewriting module: urllib3.util.connection [assertion]
      early skip of rewriting module: urllib3.util.timeout [assertion]
      early skip of rewriting module: urllib3.util.request [assertion]
      early skip of rewriting module: urllib3.util.util [assertion]
      early skip of rewriting module: brotlicffi [assertion]
      early skip of rewriting module: brotli [assertion]
      early skip of rewriting module: zstandard [assertion]
      early skip of rewriting module: urllib3.util.response [assertion]
      early skip of rewriting module: urllib3.util.retry [assertion]
      early skip of rewriting module: urllib3.util.ssl_ [assertion]
      early skip of rewriting module: hmac [assertion]
      early skip of rewriting module: urllib3.util.url [assertion]
      early skip of rewriting module: urllib3.util.ssltransport [assertion]
      early skip of rewriting module: urllib3.util.wait [assertion]
      early skip of rewriting module: urllib3._collections [assertion]
      early skip of rewriting module: urllib3._version [assertion]
      early skip of rewriting module: urllib3.connectionpool [assertion]
      early skip of rewriting module: queue [assertion]
      early skip of rewriting module: _queue [assertion]
      early skip of rewriting module: urllib3._request_methods [assertion]
      early skip of rewriting module: urllib3.filepost [assertion]
      early skip of rewriting module: urllib3.fields [assertion]
      early skip of rewriting module: mimetypes [assertion]
      early skip of rewriting module: urllib3.response [assertion]
      early skip of rewriting module: brotlicffi [assertion]
      early skip of rewriting module: brotli [assertion]
      early skip of rewriting module: zstandard [assertion]
      early skip of rewriting module: urllib3.connection [assertion]
      early skip of rewriting module: urllib3.http2 [assertion]
      early skip of rewriting module: urllib3.http2.probe [assertion]
      early skip of rewriting module: urllib3.util.ssl_match_hostname [assertion]
      early skip of rewriting module: ipaddress [assertion]
      early skip of rewriting module: urllib3.util.proxy [assertion]
      early skip of rewriting module: urllib3.poolmanager [assertion]
      early skip of rewriting module: selenium.webdriver.remote.utils [assertion]
      early skip of rewriting module: selenium.webdriver.remote.command [assertion]
      early skip of rewriting module: selenium.webdriver.remote.errorhandler [assertion]
      early skip of rewriting module: selenium.webdriver.common.driver_finder [assertion]
      early skip of rewriting module: selenium.webdriver.common.selenium_manager [assertion]
      early skip of rewriting module: sysconfig [assertion]
      early skip of rewriting module: selenium.webdriver.remote.webdriver [assertion]
      early skip of rewriting module: selenium.webdriver.common.bidi [assertion]
      early skip of rewriting module: selenium.webdriver.common.bidi.script [assertion]
      early skip of rewriting module: selenium.webdriver.common.bidi.session [assertion]
      early skip of rewriting module: selenium.webdriver.common.by [assertion]
      early skip of rewriting module: selenium.webdriver.common.print_page_options [assertion]
      early skip of rewriting module: selenium.webdriver.common.timeouts [assertion]
      early skip of rewriting module: selenium.webdriver.common.virtual_authenticator [assertion]
      early skip of rewriting module: selenium.webdriver.support [assertion]
      early skip of rewriting module: selenium.webdriver.support.relative_locator [assertion]
      early skip of rewriting module: selenium.webdriver.remote.webelement [assertion]
      early skip of rewriting module: selenium.webdriver.remote.shadowroot [assertion]
      early skip of rewriting module: selenium.webdriver.common.fedcm [assertion]
      early skip of rewriting module: selenium.webdriver.common.fedcm.dialog [assertion]
      early skip of rewriting module: selenium.webdriver.common.fedcm.account [assertion]
      early skip of rewriting module: selenium.webdriver.remote.bidi_connection [assertion]
      early skip of rewriting module: selenium.webdriver.remote.fedcm [assertion]
      early skip of rewriting module: selenium.webdriver.remote.file_detector [assertion]
      early skip of rewriting module: selenium.webdriver.remote.locator_converter [assertion]
      early skip of rewriting module: selenium.webdriver.remote.mobile [assertion]
      early skip of rewriting module: selenium.webdriver.remote.script_key [assertion]
      early skip of rewriting module: selenium.webdriver.remote.switch_to [assertion]
      early skip of rewriting module: selenium.webdriver.common.alert [assertion]
      early skip of rewriting module: selenium.webdriver.remote.websocket_connection [assertion]
      early skip of rewriting module: websocket [assertion]
      early skip of rewriting module: websocket._abnf [assertion]
      early skip of rewriting module: array [assertion]
      early skip of rewriting module: websocket._exceptions [assertion]
      early skip of rewriting module: websocket._utils [assertion]
      early skip of rewriting module: wsaccel [assertion]
      early skip of rewriting module: wsaccel [assertion]
      early skip of rewriting module: websocket._app [assertion]
      early skip of rewriting module: websocket._logging [assertion]
      early skip of rewriting module: websocket._core [assertion]
      early skip of rewriting module: websocket._handshake [assertion]
      early skip of rewriting module: websocket._cookiejar [assertion]
      early skip of rewriting module: http.cookies [assertion]
      early skip of rewriting module: websocket._http [assertion]
      early skip of rewriting module: websocket._socket [assertion]
      early skip of rewriting module: websocket._ssl_compat [assertion]
      early skip of rewriting module: websocket._url [assertion]
      early skip of rewriting module: python_socks [assertion]
      early skip of rewriting module: selenium.webdriver.common.action_chains [assertion]
      early skip of rewriting module: selenium.webdriver.common.actions [assertion]
      early skip of rewriting module: selenium.webdriver.common.actions.action_builder [assertion]
      early skip of rewriting module: selenium.webdriver.common.actions.interaction [assertion]
      early skip of rewriting module: selenium.webdriver.common.actions.key_actions [assertion]
      early skip of rewriting module: selenium.webdriver.common.actions.key_input [assertion]
      early skip of rewriting module: selenium.webdriver.common.actions.input_device [assertion]
      early skip of rewriting module: selenium.webdriver.common.actions.pointer_input [assertion]
      early skip of rewriting module: selenium.webdriver.common.actions.wheel_input [assertion]
      early skip of rewriting module: selenium.webdriver.common.actions.pointer_actions [assertion]
      early skip of rewriting module: selenium.webdriver.common.actions.mouse_button [assertion]
      early skip of rewriting module: selenium.webdriver.common.actions.wheel_actions [assertion]
      early skip of rewriting module: selenium.webdriver.edge [assertion]
      early skip of rewriting module: selenium.webdriver.edge.options [assertion]
      early skip of rewriting module: selenium.webdriver.edge.service [assertion]
      early skip of rewriting module: selenium.webdriver.edge.webdriver [assertion]
      early skip of rewriting module: selenium.webdriver.firefox [assertion]
      early skip of rewriting module: selenium.webdriver.firefox.firefox_profile [assertion]
      early skip of rewriting module: xml.dom [assertion]
      early skip of rewriting module: xml.dom.domreg [assertion]
      early skip of rewriting module: xml.dom.minidom [assertion]
      early skip of rewriting module: xml.dom.minicompat [assertion]
      early skip of rewriting module: xml.dom.xmlbuilder [assertion]
      early skip of rewriting module: xml.dom.NodeFilter [assertion]
      early skip of rewriting module: typing_extensions [assertion]
      early skip of rewriting module: selenium.webdriver.firefox.options [assertion]
      early skip of rewriting module: selenium.webdriver.firefox.firefox_binary [assertion]
      early skip of rewriting module: selenium.webdriver.firefox.service [assertion]
      early skip of rewriting module: selenium.webdriver.firefox.webdriver [assertion]
      early skip of rewriting module: selenium.webdriver.firefox.remote_connection [assertion]
      early skip of rewriting module: selenium.webdriver.ie [assertion]
      early skip of rewriting module: selenium.webdriver.ie.options [assertion]
      early skip of rewriting module: selenium.webdriver.ie.service [assertion]
      early skip of rewriting module: selenium.webdriver.ie.webdriver [assertion]
      early skip of rewriting module: selenium.webdriver.safari [assertion]
      early skip of rewriting module: selenium.webdriver.safari.options [assertion]
      early skip of rewriting module: selenium.webdriver.safari.service [assertion]
      early skip of rewriting module: selenium.webdriver.safari.webdriver [assertion]
      early skip of rewriting module: selenium.webdriver.safari.remote_connection [assertion]
      early skip of rewriting module: selenium.webdriver.webkitgtk [assertion]
      early skip of rewriting module: selenium.webdriver.webkitgtk.options [assertion]
      early skip of rewriting module: selenium.webdriver.webkitgtk.service [assertion]
      early skip of rewriting module: selenium.webdriver.webkitgtk.webdriver [assertion]
      early skip of rewriting module: selenium.webdriver.wpewebkit [assertion]
      early skip of rewriting module: selenium.webdriver.wpewebkit.options [assertion]
      early skip of rewriting module: selenium.webdriver.wpewebkit.service [assertion]
      early skip of rewriting module: selenium.webdriver.wpewebkit.webdriver [assertion]
      early skip of rewriting module: webdriver_manager [assertion]
      early skip of rewriting module: webdriver_manager.chrome [assertion]
      early skip of rewriting module: webdriver_manager.core [assertion]
      early skip of rewriting module: webdriver_manager.core.download_manager [assertion]
      early skip of rewriting module: webdriver_manager.core.file_manager [assertion]
      early skip of rewriting module: tarfile [assertion]
      early skip of rewriting module: pwd [assertion]
      early skip of rewriting module: grp [assertion]
      early skip of rewriting module: webdriver_manager.core.archive [assertion]
      early skip of rewriting module: webdriver_manager.core.os_manager [assertion]
      early skip of rewriting module: webdriver_manager.core.utils [assertion]
      early skip of rewriting module: webdriver_manager.core.http [assertion]
      early skip of rewriting module: requests [assertion]
      early skip of rewriting module: requests.exceptions [assertion]
      early skip of rewriting module: requests.compat [assertion]
      early skip of rewriting module: chardet [assertion]
      early skip of rewriting module: charset_normalizer [assertion]
      early skip of rewriting module: charset_normalizer.api [assertion]
      early skip of rewriting module: charset_normalizer.cd [assertion]
      early skip of rewriting module: charset_normalizer.constant [assertion]
      early skip of rewriting module: charset_normalizer.md [assertion]
      early skip of rewriting module: charset_normalizer.md__mypyc [assertion]
      early skip of rewriting module: charset_normalizer.utils [assertion]
      early skip of rewriting module: _multibytecodec [assertion]
      early skip of rewriting module: charset_normalizer.models [assertion]
      early skip of rewriting module: charset_normalizer.legacy [assertion]
      early skip of rewriting module: charset_normalizer.version [assertion]
      early skip of rewriting module: simplejson [assertion]
      early skip of rewriting module: http.cookiejar [assertion]
      early skip of rewriting module: chardet [assertion]
      early skip of rewriting module: requests.packages [assertion]
      early skip of rewriting module: idna [assertion]
      early skip of rewriting module: idna.core [assertion]
      early skip of rewriting module: idna.idnadata [assertion]
      early skip of rewriting module: idna.intranges [assertion]
      early skip of rewriting module: idna.package_data [assertion]
      early skip of rewriting module: requests.utils [assertion]
      early skip of rewriting module: requests.certs [assertion]
      early skip of rewriting module: requests.__version__ [assertion]
      early skip of rewriting module: requests._internal_utils [assertion]
      early skip of rewriting module: requests.cookies [assertion]
      early skip of rewriting module: requests.structures [assertion]
      early skip of rewriting module: requests.api [assertion]
      early skip of rewriting module: requests.sessions [assertion]
      early skip of rewriting module: requests.adapters [assertion]
      early skip of rewriting module: requests.auth [assertion]
      early skip of rewriting module: requests.models [assertion]
      early skip of rewriting module: encodings.idna [assertion]
      early skip of rewriting module: stringprep [assertion]
      early skip of rewriting module: requests.hooks [assertion]
      early skip of rewriting module: requests.status_codes [assertion]
      early skip of rewriting module: urllib3.contrib [assertion]
      early skip of rewriting module: urllib3.contrib.socks [assertion]
      early skip of rewriting module: socks [assertion]
      early skip of rewriting module: webdriver_manager.core.config [assertion]
      early skip of rewriting module: dotenv [assertion]
      early skip of rewriting module: dotenv.main [assertion]
      early skip of rewriting module: dotenv.parser [assertion]
      early skip of rewriting module: dotenv.variables [assertion]
      early skip of rewriting module: webdriver_manager.core.logger [assertion]
      early skip of rewriting module: webdriver_manager.core.driver_cache [assertion]
      early skip of rewriting module: webdriver_manager.core.constants [assertion]
      early skip of rewriting module: webdriver_manager.core.driver [assertion]
      early skip of rewriting module: webdriver_manager.core.manager [assertion]
      early skip of rewriting module: webdriver_manager.drivers [assertion]
      early skip of rewriting module: webdriver_manager.drivers.chrome [assertion]
      early skip of rewriting module: packaging [assertion]
      early skip of rewriting module: packaging.version [assertion]
      early skip of rewriting module: packaging._structures [assertion]
      early skip of rewriting module: WebUtility [assertion]
      early skip of rewriting module: selenium.webdriver.support.ui [assertion]
      early skip of rewriting module: selenium.webdriver.support.select [assertion]
      early skip of rewriting module: selenium.webdriver.support.wait [assertion]
      early skip of rewriting module: selenium.webdriver.support.expected_conditions [assertion]
      early skip of rewriting module: pages [assertion]
      early skip of rewriting module: pages.LoginPage [assertion]
        pytest_pycollect_makeitem [hook]
            collector: <Module test_indee.py>
            name: @py_builtins
            obj: <module 'builtins' (built-in)>
        finish pytest_pycollect_makeitem --> None [hook]
        pytest_pycollect_makeitem [hook]
            collector: <Module test_indee.py>
            name: @pytest_ar
            obj: <module '_pytest.assertion.rewrite' from 'C:\\Users\\282384\\OneDrive - Resideo\\Documents\\dhaksh\\Indee Project\\venv\\lib\\site-packages\\_pytest\\assertion\\rewrite.py'>
        finish pytest_pycollect_makeitem --> None [hook]
        pytest_pycollect_makeitem [hook]
            collector: <Module test_indee.py>
            name: time
            obj: <module 'time' (built-in)>
        finish pytest_pycollect_makeitem --> None [hook]
        pytest_pycollect_makeitem [hook]
            collector: <Module test_indee.py>
            name: pytest
            obj: <module 'pytest' from 'C:\\Users\\282384\\OneDrive - Resideo\\Documents\\dhaksh\\Indee Project\\venv\\lib\\site-packages\\pytest\\__init__.py'>
        finish pytest_pycollect_makeitem --> None [hook]
        pytest_pycollect_makeitem [hook]
            collector: <Module test_indee.py>
            name: webdriver
            obj: <module 'selenium.webdriver' from 'C:\\Users\\282384\\OneDrive - Resideo\\Documents\\dhaksh\\Indee Project\\venv\\lib\\site-packages\\selenium\\webdriver\\__init__.py'>
        finish pytest_pycollect_makeitem --> None [hook]
        pytest_pycollect_makeitem [hook]
            collector: <Module test_indee.py>
            name: Service
            obj: <class 'selenium.webdriver.chrome.service.Service'>
        finish pytest_pycollect_makeitem --> None [hook]
        pytest_pycollect_makeitem [hook]
            collector: <Module test_indee.py>
            name: Options
            obj: <class 'selenium.webdriver.chrome.options.Options'>
        finish pytest_pycollect_makeitem --> None [hook]
        pytest_pycollect_makeitem [hook]
            collector: <Module test_indee.py>
            name: ChromeDriverManager
            obj: <class 'webdriver_manager.chrome.ChromeDriverManager'>
        finish pytest_pycollect_makeitem --> None [hook]
        pytest_pycollect_makeitem [hook]
            collector: <Module test_indee.py>
            name: WebUtility
            obj: <class 'WebUtility.WebUtility'>
        finish pytest_pycollect_makeitem --> None [hook]
        pytest_pycollect_makeitem [hook]
            collector: <Module test_indee.py>
            name: driver
            obj: <function driver at 0x000001DEB3A33310>
        finish pytest_pycollect_makeitem --> None [hook]
        pytest_pycollect_makeitem [hook]
            collector: <Module test_indee.py>
            name: navigate
            obj: <function navigate at 0x000001DEB421F5E0>
        finish pytest_pycollect_makeitem --> None [hook]
        pytest_pycollect_makeitem [hook]
            collector: <Module test_indee.py>
            name: test_indee
            obj: <function test_indee at 0x000001DEB421F670>
          pytest_generate_tests [hook]
              metafunc: <_pytest.python.Metafunc object at 0x000001DEB41D9CA0>
          finish pytest_generate_tests --> [] [hook]
        finish pytest_pycollect_makeitem --> [<Function test_indee>] [hook]
      finish pytest_make_collect_report --> <CollectReport 'test_indee.py' lenresult=1 outcome='passed'> [hook]
    genitems <Function test_indee> [collection]
      pytest_itemcollected [hook]
          item: <Function test_indee>
      finish pytest_itemcollected --> [] [hook]
      pytest_collectreport [hook]
          report: <CollectReport 'test_indee.py' lenresult=1 outcome='passed'>
      finish pytest_collectreport --> [] [hook]
      pytest_collection_modifyitems [hook]
          session: <Session  exitstatus=<ExitCode.OK: 0> testsfailed=0 testscollected=0>
          config: <_pytest.config.Config object at 0x000001DEB143B9A0>
          items: [<Function test_indee>]
      finish pytest_collection_modifyitems --> [] [hook]
      pytest_collection_finish [hook]
          session: <Session  exitstatus=<ExitCode.OK: 0> testsfailed=0 testscollected=0>
        pytest_report_collectionfinish [hook]
            config: <_pytest.config.Config object at 0x000001DEB143B9A0>
            items: [<Function test_indee>]
            start_path: C:\Users\282384\OneDrive - Resideo\Documents\dhaksh\Indee Project
            startdir: C:\Users\282384\OneDrive - Resideo\Documents\dhaksh\Indee Project
        finish pytest_report_collectionfinish --> [] [hook]
      finish pytest_collection_finish --> [] [hook]
    finish pytest_collection --> None [hook]
    pytest_runtestloop [hook]
        session: <Session  exitstatus=<ExitCode.OK: 0> testsfailed=0 testscollected=1>
      pytest_runtest_protocol [hook]
          item: <Function test_indee>
          nextitem: None
        pytest_runtest_logstart [hook]
            nodeid: test_indee.py::test_indee
            location: ('test_indee.py', 38, 'test_indee')
        finish pytest_runtest_logstart --> [] [hook]
        pytest_runtest_setup [hook]
            item: <Function test_indee>
          pytest_fixture_setup [hook]
              fixturedef: <FixtureDef argname='driver' scope='function' baseid='test_indee.py'>
              request: <SubRequest 'driver' for <Function test_indee>>
          early skip of rewriting module: netrc [assertion]
          early skip of rewriting module: _strptime [assertion]
          finish pytest_fixture_setup --> <selenium.webdriver.chrome.webdriver.WebDriver (session="5b8f960ddca46e36a7b68486bf0d0b92")> [hook]
        finish pytest_runtest_setup --> None [hook]
        pytest_runtest_makereport [hook]
            item: <Function test_indee>
            call: <CallInfo when='setup' result: None>
        finish pytest_runtest_makereport --> <TestReport 'test_indee.py::test_indee' when='setup' outcome='passed'> [hook]
        pytest_runtest_logreport [hook]
            report: <TestReport 'test_indee.py::test_indee' when='setup' outcome='passed'>
          pytest_report_teststatus [hook]
              report: <TestReport 'test_indee.py::test_indee' when='setup' outcome='passed'>
              config: <_pytest.config.Config object at 0x000001DEB143B9A0>
          finish pytest_report_teststatus --> ('', '', '') [hook]
        finish pytest_runtest_logreport --> [] [hook]
        pytest_runtest_call [hook]
            item: <Function test_indee>
          pytest_pyfunc_call [hook]
              pyfuncitem: <Function test_indee>
        pytest_runtest_makereport [hook]
            item: <Function test_indee>
            call: <CallInfo when='call' excinfo=<ExceptionInfo Test failed unexpectedly tblen=36>>
        finish pytest_runtest_makereport --> <TestReport 'test_indee.py::test_indee' when='call' outcome='failed'> [hook]
        pytest_runtest_logreport [hook]
            report: <TestReport 'test_indee.py::test_indee' when='call' outcome='failed'>
          pytest_report_teststatus [hook]
              report: <TestReport 'test_indee.py::test_indee' when='call' outcome='failed'>
              config: <_pytest.config.Config object at 0x000001DEB143B9A0>
          finish pytest_report_teststatus --> ('failed', 'F', 'FAILED') [hook]
        finish pytest_runtest_logreport --> [] [hook]
        pytest_exception_interact [hook]
            node: <Function test_indee>
            call: <CallInfo when='call' excinfo=<ExceptionInfo Test failed unexpectedly tblen=36>>
            report: <TestReport 'test_indee.py::test_indee' when='call' outcome='failed'>
        finish pytest_exception_interact --> [] [hook]
        pytest_runtest_teardown [hook]
            item: <Function test_indee>
            nextitem: None
          pytest_fixture_post_finalizer [hook]
              fixturedef: <FixtureDef argname='driver' scope='function' baseid='test_indee.py'>
              request: <SubRequest 'driver' for <Function test_indee>>
          finish pytest_fixture_post_finalizer --> [] [hook]
        finish pytest_runtest_teardown --> None [hook]
        pytest_runtest_makereport [hook]
            item: <Function test_indee>
            call: <CallInfo when='teardown' result: None>
        finish pytest_runtest_makereport --> <TestReport 'test_indee.py::test_indee' when='teardown' outcome='passed'> [hook]
        pytest_runtest_logreport [hook]
            report: <TestReport 'test_indee.py::test_indee' when='teardown' outcome='passed'>
          pytest_report_teststatus [hook]
              report: <TestReport 'test_indee.py::test_indee' when='teardown' outcome='passed'>
              config: <_pytest.config.Config object at 0x000001DEB143B9A0>
          finish pytest_report_teststatus --> ('', '', '') [hook]
        finish pytest_runtest_logreport --> [] [hook]
        pytest_runtest_logfinish [hook]
            nodeid: test_indee.py::test_indee
            location: ('test_indee.py', 38, 'test_indee')
        finish pytest_runtest_logfinish --> [] [hook]
      finish pytest_runtest_protocol --> True [hook]
    finish pytest_runtestloop --> True [hook]
    pytest_sessionfinish [hook]
        session: <Session  exitstatus=<ExitCode.TESTS_FAILED: 1> testsfailed=1 testscollected=1>
        exitstatus: 1
      pytest_terminal_summary [hook]
          terminalreporter: <_pytest.terminal.TerminalReporter object at 0x000001DEB39F4D30>
          exitstatus: 1
          config: <_pytest.config.Config object at 0x000001DEB143B9A0>
      early skip of rewriting module: pygments [assertion]
      early skip of rewriting module: pygments [assertion]
      early skip of rewriting module: pygments [assertion]
        pytest_report_teststatus [hook]
            report: <TestReport 'test_indee.py::test_indee' when='call' outcome='failed'>
            config: <_pytest.config.Config object at 0x000001DEB143B9A0>
        finish pytest_report_teststatus --> ('failed', 'F', 'FAILED') [hook]
      finish pytest_terminal_summary --> [] [hook]
    finish pytest_sessionfinish --> [] [hook]
    pytest_unconfigure [hook]
        config: <_pytest.config.Config object at 0x000001DEB143B9A0>
    finish pytest_unconfigure --> [] [hook]
